#
# There is insufficient memory for the Java Runtime Environment to continue.
# Native memory allocation (mmap) failed to map 67108864 bytes for G1 virtual space
# Possible reasons:
#   The system is out of physical RAM or swap space
#   The process is running with CompressedOops enabled, and the Java Heap may be blocking the growth of the native heap
# Possible solutions:
#   Reduce memory load on the system
#   Increase physical memory or swap space
#   Check if swap backing store is full
#   Decrease Java heap size (-Xmx/-Xms)
#   Decrease number of Java threads
#   Decrease Java thread stack sizes (-Xss)
#   Set larger code cache with -XX:ReservedCodeCacheSize=
#   JVM is running with Unscaled Compressed Oops mode in which the Java heap is
#     placed in the first 4GB address space. The Java Heap base address is the
#     maximum limit for the native heap growth. Please use -XX:HeapBaseMinAddress
#     to set the Java Heap base and to place the Java Heap above 4GB virtual address.
# This output file may be truncated or incomplete.
#
#  Out of Memory Error (./open/src/hotspot/os/windows/os_windows.cpp:3321), pid=5504, tid=5536
#
# JRE version:  (15.0.2+7) (build )
# Java VM: OpenJDK 64-Bit Server VM (15.0.2+7-27, mixed mode, sharing, tiered, compressed oops, g1 gc, windows-amd64)
# No core dump will be written. Minidumps are not enabled by default on client versions of Windows
#

---------------  S U M M A R Y ------------

Command Line: -Dcom.sun.management.jmxremote -Dcom.sun.management.jmxremote.port=50518 -Dcom.sun.management.jmxremote.authenticate=false -Dcom.sun.management.jmxremote.ssl=false -Djava.rmi.server.hostname=localhost -Dspring.jmx.enabled=true -Dspring.application.admin.enabled=true -XX:TieredStopAtLevel=1 -Dspring.boot.project.name=dsvendas -Dfile.encoding=UTF-8 -XX:+ShowCodeDetailsInExceptionMessages com.devsuperior.dsvendas.DsvendasApplication --spring.output.ansi.enabled=always

Host: AMD Athlon(tm) 64 X2 Dual Core Processor 5200+, 2 cores, 3G,  Windows 10 , 64 bit Build 10586 (10.0.10586.0)
Time: Mon May 10 15:02:28 2021 Hora oficial do Brasil elapsed time: 0.123096 seconds (0d 0h 0m 0s)

---------------  T H R E A D  ---------------

Current thread (0x000002057bda69b0):  JavaThread "Unknown thread" [_thread_in_vm, id=5536, stack(0x000000e162c00000,0x000000e162d00000)]

Stack: [0x000000e162c00000,0x000000e162d00000]
Native frames: (J=compiled Java code, j=interpreted, Vv=VM code, C=native code)
V  [jvm.dll+0x62ae9a]
V  [jvm.dll+0x7817a9]
V  [jvm.dll+0x782f03]
V  [jvm.dll+0x783563]
V  [jvm.dll+0x216325]
V  [jvm.dll+0x6281d9]
V  [jvm.dll+0x61cf55]
V  [jvm.dll+0x2cffdd]
V  [jvm.dll+0x2cfe42]
V  [jvm.dll+0x2d5e1c]
V  [jvm.dll+0x32590a]
V  [jvm.dll+0x324fd4]
V  [jvm.dll+0x2a6f5a]
V  [jvm.dll+0x2a80f8]
V  [jvm.dll+0x75e241]
V  [jvm.dll+0x3341c4]
V  [jvm.dll+0x73e926]
V  [jvm.dll+0x3b7557]
V  [jvm.dll+0x3b8fe1]
C  [jli.dll+0x52fb]
C  [ucrtbase.dll+0x6be1d]
C  [KERNEL32.DLL+0x18102]
C  [ntdll.dll+0x5c5b4]


---------------  P R O C E S S  ---------------

Threads class SMR info:
_java_thread_list=0x00007ffc95ab4ff0, length=0, elements={
}

Java Threads: ( => current thread )

Other Threads:
  0x000002057bdd2e20 GCTaskThread "GC Thread#0" [stack: 0x000000e162d00000,0x000000e162e00000] [id=5540]
  0x000002057bddbe80 ConcurrentGCThread "G1 Main Marker" [stack: 0x000000e162e00000,0x000000e162f00000] [id=5544]
  0x000002057bddea90 ConcurrentGCThread "G1 Conc#0" [stack: 0x000000e162f00000,0x000000e163000000] [id=5548]

[error occurred during error reporting (printing all threads), id 0xc0000005, EXCEPTION_ACCESS_VIOLATION (0xc0000005) at pc=0x00007ffc952a7e27]

VM state: not at safepoint (not fully initialized)

VM Mutex/Monitor currently owned by a thread:  ([mutex/lock_event])
[0x000002057bda3f10] Heap_lock - owner thread: 0x000002057bda69b0

Heap address: 0x00000000c0000000, size: 1024 MB, Compressed Oops mode: 32-bit
CDS archive(s) mapped at: [0x0000000000000000-0x0000000000000000-0x0000000000000000), size 0, SharedBaseAddress: 0x0000000800000000, ArchiveRelocationMode: 0.
Narrow klass base: 0x0000000000000000, Narrow klass shift: 0, Narrow klass range: 0x0

Heap:
 garbage-first heap   total 65536K, used 0K [0x00000000c0000000, 0x0000000100000000)
  region size 1024K, 0 young (0K), 0 survivors (0K)
 Metaspace       used 0K, capacity 0K, committed 0K, reserved 0K
  class space    used 0K, capacity 0K, committed 0K, reserved 0K

Heap Regions: E=young(eden), S=young(survivor), O=old, HS=humongous(starts), HC=humongous(continues), CS=collection set, F=free, OA=open archive, CA=closed archive, TAMS=top-at-mark-start (previous, next)

Card table byte_map: [0x0000020512f70000,0x0000020513170000] _byte_map_base: 0x0000020512970000

Marking Bits (Prev, Next): (CMBitMap*) 0x000002057bdd3520, (CMBitMap*) 0x000002057bdd3560
 Prev Bits: [0x0000020513370000, 0x0000020514370000)
 Next Bits: [0x0000020514370000, 0x0000020515370000)

GC Heap History (0 events):
No events

Deoptimization events (0 events):
No events

Classes unloaded (0 events):
No events

Classes redefined (0 events):
No events

Internal exceptions (0 events):
No events

Events (1 events):
Event: 0.016 Loaded shared library C:\sts-4.10.0.RELEASE\plugins\org.eclipse.justj.openjdk.hotspot.jre.full.win32.x86_64_15.0.2.v20210201-0955\jre\bin\java.dll


Dynamic libraries:
0x00007ff65bfa0000 - 0x00007ff65bfad000 	C:\sts-4.10.0.RELEASE\plugins\org.eclipse.justj.openjdk.hotspot.jre.full.win32.x86_64_15.0.2.v20210201-0955\jre\bin\javaw.exe
0x00007ffcbe7d0000 - 0x00007ffcbe991000 	C:\Windows\SYSTEM32\ntdll.dll
0x00007ffcbc670000 - 0x00007ffcbc71d000 	C:\Windows\system32\KERNEL32.DLL
0x00007ffcbaf30000 - 0x00007ffcbb118000 	C:\Windows\system32\KERNELBASE.dll
0x00007ffcb1680000 - 0x00007ffcb1698000 	C:\sts-4.10.0.RELEASE\plugins\org.eclipse.justj.openjdk.hotspot.jre.full.win32.x86_64_15.0.2.v20210201-0955\jre\bin\jli.dll
0x00007ffcbbfb0000 - 0x00007ffcbc106000 	C:\Windows\system32\USER32.dll
0x00007ffcbe0b0000 - 0x00007ffcbe236000 	C:\Windows\system32\GDI32.dll
0x00007ffcb1050000 - 0x00007ffcb1069000 	C:\sts-4.10.0.RELEASE\plugins\org.eclipse.justj.openjdk.hotspot.jre.full.win32.x86_64_15.0.2.v20210201-0955\jre\bin\VCRUNTIME140.dll
0x00007ffcb9f90000 - 0x00007ffcba084000 	C:\Windows\SYSTEM32\ucrtbase.dll
0x00007ffcb5d30000 - 0x00007ffcb5fa4000 	C:\Windows\WinSxS\amd64_microsoft.windows.common-controls_6595b64144ccf1df_6.0.10586.0_none_8c15ae12515e1c22\COMCTL32.dll
0x00007ffcbc720000 - 0x00007ffcbc7bd000 	C:\Windows\system32\msvcrt.dll
0x00007ffcbbd30000 - 0x00007ffcbbfad000 	C:\Windows\system32\combase.dll
0x00007ffcbe280000 - 0x00007ffcbe39c000 	C:\Windows\system32\RPCRT4.dll
0x00007ffcbb930000 - 0x00007ffcbb99a000 	C:\Windows\system32\bcryptPrimitives.dll
0x00007ffcbe240000 - 0x00007ffcbe27b000 	C:\Windows\system32\IMM32.DLL
0x00007ffcb4d90000 - 0x00007ffcb4d9c000 	C:\sts-4.10.0.RELEASE\plugins\org.eclipse.justj.openjdk.hotspot.jre.full.win32.x86_64_15.0.2.v20210201-0955\jre\bin\vcruntime140_1.dll
0x00007ffca49b0000 - 0x00007ffca4a41000 	C:\sts-4.10.0.RELEASE\plugins\org.eclipse.justj.openjdk.hotspot.jre.full.win32.x86_64_15.0.2.v20210201-0955\jre\bin\msvcp140.dll
0x00007ffc94ff0000 - 0x00007ffc95b4e000 	C:\sts-4.10.0.RELEASE\plugins\org.eclipse.justj.openjdk.hotspot.jre.full.win32.x86_64_15.0.2.v20210201-0955\jre\bin\server\jvm.dll
0x00007ffcbc3a0000 - 0x00007ffcbc447000 	C:\Windows\system32\ADVAPI32.dll
0x00007ffcbc610000 - 0x00007ffcbc66b000 	C:\Windows\system32\sechost.dll
0x00007ffcbc820000 - 0x00007ffcbc828000 	C:\Windows\system32\PSAPI.DLL
0x00007ffcb06a0000 - 0x00007ffcb06a9000 	C:\Windows\SYSTEM32\WSOCK32.dll
0x00007ffcbc450000 - 0x00007ffcbc4bb000 	C:\Windows\system32\WS2_32.dll
0x00007ffcb9520000 - 0x00007ffcb9543000 	C:\Windows\SYSTEM32\WINMM.dll
0x00007ffcb6a70000 - 0x00007ffcb6a7a000 	C:\Windows\SYSTEM32\VERSION.dll
0x00007ffcb94f0000 - 0x00007ffcb951c000 	C:\Windows\SYSTEM32\WINMMBASE.dll
0x00007ffcbb140000 - 0x00007ffcbb183000 	C:\Windows\system32\cfgmgr32.dll
0x00007ffcbae50000 - 0x00007ffcbae5f000 	C:\Windows\system32\kernel.appcore.dll
0x00007ffcb9420000 - 0x00007ffcb942a000 	C:\sts-4.10.0.RELEASE\plugins\org.eclipse.justj.openjdk.hotspot.jre.full.win32.x86_64_15.0.2.v20210201-0955\jre\bin\jimage.dll
0x00007ffcab810000 - 0x00007ffcab99c000 	C:\Windows\SYSTEM32\DBGHELP.DLL
0x00007ffcab7e0000 - 0x00007ffcab805000 	C:\Windows\SYSTEM32\dbgcore.DLL
0x00007ffcb4e50000 - 0x00007ffcb4e75000 	C:\sts-4.10.0.RELEASE\plugins\org.eclipse.justj.openjdk.hotspot.jre.full.win32.x86_64_15.0.2.v20210201-0955\jre\bin\java.dll

dbghelp: loaded successfully - version: 4.0.5 - missing functions: none
symbol engine: initialized successfully - sym options: 0x614 - pdb path: .;C:\sts-4.10.0.RELEASE\plugins\org.eclipse.justj.openjdk.hotspot.jre.full.win32.x86_64_15.0.2.v20210201-0955\jre\bin;C:\Windows\SYSTEM32;C:\Windows\WinSxS\amd64_microsoft.windows.common-controls_6595b64144ccf1df_6.0.10586.0_none_8c15ae12515e1c22;C:\sts-4.10.0.RELEASE\plugins\org.eclipse.justj.openjdk.hotspot.jre.full.win32.x86_64_15.0.2.v20210201-0955\jre\bin\server

VM Arguments:
jvm_args: -Dcom.sun.management.jmxremote -Dcom.sun.management.jmxremote.port=50518 -Dcom.sun.management.jmxremote.authenticate=false -Dcom.sun.management.jmxremote.ssl=false -Djava.rmi.server.hostname=localhost -Dspring.jmx.enabled=true -Dspring.application.admin.enabled=true -XX:TieredStopAtLevel=1 -Dspring.boot.project.name=dsvendas -Dfile.encoding=UTF-8 -XX:+ShowCodeDetailsInExceptionMessages 
java_command: com.devsuperior.dsvendas.DsvendasApplication --spring.output.ansi.enabled=always
java_class_path (initial): C:\workspaces\ws-devsuperior\projeto-sds3\backend\target\classes;C:\Users\ROGERIO\.m2\repository\org\springframework\boot\spring-boot-starter-data-jpa\2.4.5\spring-boot-starter-data-jpa-2.4.5.jar;C:\Users\ROGERIO\.m2\repository\org\springframework\boot\spring-boot-starter-aop\2.4.5\spring-boot-starter-aop-2.4.5.jar;C:\Users\ROGERIO\.m2\repository\org\aspectj\aspectjweaver\1.9.6\aspectjweaver-1.9.6.jar;C:\Users\ROGERIO\.m2\repository\org\springframework\boot\spring-boot-starter-jdbc\2.4.5\spring-boot-starter-jdbc-2.4.5.jar;C:\Users\ROGERIO\.m2\repository\com\zaxxer\HikariCP\3.4.5\HikariCP-3.4.5.jar;C:\Users\ROGERIO\.m2\repository\org\springframework\spring-jdbc\5.3.6\spring-jdbc-5.3.6.jar;C:\Users\ROGERIO\.m2\repository\jakarta\transaction\jakarta.transaction-api\1.3.3\jakarta.transaction-api-1.3.3.jar;C:\Users\ROGERIO\.m2\repository\jakarta\persistence\jakarta.persistence-api\2.2.3\jakarta.persistence-api-2.2.3.jar;C:\Users\ROGERIO\.m2\repository\org\hibernate\hibernate-core\5.4.30.Final\hibernate-core-5.4.30.Final.jar;C:\Users\ROGERIO\.m2\repository\org\jboss\logging\jboss-logging\3.4.1.Final\jboss-logging-3.4.1.Final.jar;C:\Users\ROGERIO\.m2\repository\org\javassist\javassist\3.27.0-GA\javassist-3.27.0-GA.jar;C:\Users\ROGERIO\.m2\repository\net\bytebuddy\byte-buddy\1.10.22\byte-buddy-1.10.22.jar;C:\Users\ROGERIO\.m2\repository\antlr\antlr\2.7.7\antlr-2.7.7.jar;C:\Users\ROGERIO\.m2\repository\org\jboss\jandex\2.2.3.Final\jandex-2.2.3.Final.jar;C:\Users\ROGERIO\.m2\repository\com\fasterxml\classmate\1.5.1\classmate-1.5.1.jar;C:\Users\ROGERIO\.m2\repository\org\dom4j\dom4j\2.1.3\dom4j-2.1.3.jar;C:\Users\ROGERIO\.m2\repository\org\hibernate\common\hibernate-commons-annotations\5.1.2.Final\hibernate-commons-annotations-5.1.2.Final.jar;C:\Users\ROGERIO\.m2\repository\org\glassfish\jaxb\jaxb-runtime\2.3.4\jaxb-runtime-2.3.4.jar;C:\Users\ROGERIO\.m2\repository\org\glassfish\jaxb\txw2\2.3.4\txw2-2.3.4.jar;C:\Users\ROGERIO\.m2\repository\com\sun
Launcher Type: SUN_STANDARD

[Global flags]
     intx CICompilerCount                          = 2                                         {product} {ergonomic}
     uint ConcGCThreads                            = 1                                         {product} {ergonomic}
     uint G1ConcRefinementThreads                  = 2                                         {product} {ergonomic}
   size_t G1HeapRegionSize                         = 1048576                                   {product} {ergonomic}
    uintx GCDrainStackTargetSize                   = 64                                        {product} {ergonomic}
   size_t InitialHeapSize                          = 67108864                                  {product} {ergonomic}
     bool ManagementServer                         = true                                      {product} {command line}
   size_t MarkStackSize                            = 4194304                                   {product} {ergonomic}
   size_t MaxHeapSize                              = 1073741824                                {product} {ergonomic}
   size_t MinHeapDeltaBytes                        = 1048576                                   {product} {ergonomic}
   size_t MinHeapSize                              = 8388608                                   {product} {ergonomic}
    uintx NonNMethodCodeHeapSize                   = 6396312                                {pd product} {ergonomic}
    uintx NonProfiledCodeHeapSize                  = 245261928                              {pd product} {ergonomic}
    uintx ProfiledCodeHeapSize                     = 0                                      {pd product} {ergonomic}
    uintx ReservedCodeCacheSize                    = 251658240                              {pd product} {ergonomic}
     bool SegmentedCodeCache                       = true                                      {product} {ergonomic}
     bool ShowCodeDetailsInExceptionMessages       = true                                   {manageable} {command line}
   size_t SoftMaxHeapSize                          = 1073741824                             {manageable} {ergonomic}
     intx TieredStopAtLevel                        = 1                                         {product} {command line}
     bool UseCompressedClassPointers               = true                                 {lp64_product} {ergonomic}
     bool UseCompressedOops                        = true                                 {lp64_product} {ergonomic}
     bool UseG1GC                                  = true                                      {product} {ergonomic}
     bool UseLargePagesIndividualAllocation        = false                                  {pd product} {ergonomic}

Logging:
Log output configuration:
 #0: stdout all=warning uptime,level,tags
 #1: stderr all=off uptime,level,tags

Environment Variables:
JAVA_HOME=C:\Program Files\Java\jdk-11.0.2
PATH=C:/sts-4.10.0.RELEASE//plugins/org.eclipse.justj.openjdk.hotspot.jre.full.win32.x86_64_15.0.2.v20210201-0955/jre/bin/server;C:/sts-4.10.0.RELEASE//plugins/org.eclipse.justj.openjdk.hotspot.jre.full.win32.x86_64_15.0.2.v20210201-0955/jre/bin;C:\Windows\System32\WindowsPowerShell\v1.0\;C:\Program Files\Git\cmd;C:\Program Files\PowerShell\7\;C:\MinGW\bin;C:\Program Files\Java\jdk-11.0.2\bin;C:\Program Files\nodejs\;;C:\Users\ROGERIO\AppData\Local\Programs\Microsoft VS Code\bin;C:\Program Files\heroku\bin;C:\Users\ROGERIO\AppData\Roaming\npm;C:\Program Files (x86)\heroku\bin;C:\sts-4.10.0.RELEASE;
USERNAME=ROGERIO
OS=Windows_NT
PROCESSOR_IDENTIFIER=AMD64 Family 15 Model 107 Stepping 2, AuthenticAMD



---------------  S Y S T E M  ---------------

OS:
 Windows 10 , 64 bit Build 10586 (10.0.10586.0)
OS uptime: 0 days 1:51 hours

CPU: total 2 (initial active 2) (2 cores per cpu, 1 threads per core) family 15 model 107 stepping 2 microcode 0x0, cmov, cx8, fxsr, mmx, sse, sse2, sse3, 3dnowpref, tsc, clflush

Memory: 4k page, system-wide physical 4095M (509M free)
TotalPageFile size 4095M (AvailPageFile size 29M)
current process WorkingSet (physical memory assigned to process): 9M, peak: 9M
current process commit charge ("private bytes"): 44M, peak: 108M

vm_info: OpenJDK 64-Bit Server VM (15.0.2+7-27) for windows-amd64 JRE (15.0.2+7-27), built on Dec  7 2020 20:02:38 by "mach5one" with unknown MS VC++:1925

END.
